<?xml version="1.0" encoding="UTF-8"?>
<!-- Generated by org.testng.reporters.JUnitReportReporter -->
<testsuite hostname="LAPTOP-QASK4B82" failures="0" tests="3" name="Tests.logintest" time="5.038" errors="0" timestamp="21 Sept 2024 11:15:56 GMT" skipped="0">
  <testcase classname="Tests.logintest" name="TC01_LoginSuccessTest" time="2.264"/>
  <testcase classname="Tests.logintest" name="TC02_LoginFailureTest" time="1.385"/>
  <testcase classname="Tests.logintest" name="TC03_LockedUserTest" time="1.389"/>
</testsuite> <!-- Tests.logintest -->
