<?xml version="1.0" encoding="UTF-8"?>
<!-- Generated by org.testng.reporters.JUnitReportReporter -->
<testsuite hostname="LAPTOP-QASK4B82" failures="0" tests="1" name="Tests.homepagetest" time="3.357" errors="0" timestamp="21 Sept 2024 11:15:17 GMT" skipped="0">
  <testcase classname="Tests.homepagetest" name="TC01_AddToCartTest" time="3.357"/>
</testsuite> <!-- Tests.homepagetest -->
